sjeng
1
2
3
4
5
6
7
8
9
10
11
12
13
14
15
16
17
18
19
20
21
22
23
24
25
26
27
28
29
30
31
32
33
34
35
36
37
38
39
40
41
42
43
44
trace number: 2385
bbl cover ratio: 0.451393675321
ideal trace ratio: 0.282820040083
average trace length(count in block): 4.84821802935
--- 578.888067961 seconds ---
wrf
1
2
3
4
5
6
7
8
9
10
11
12
13
14
15
16
17
18
19
20
21
22
23
24
25
26
27
28
29
30
31
32
33
34
35
36
37
38
39
40
41
42
43
44
45
46
47
trace number: 2416
bbl cover ratio: 0.452703414572
ideal trace ratio: 0.285434474669
average trace length(count in block): 4.88783112583
--- 613.088891983 seconds ---
