astar
1
2
3
4
5
6
7
8
9
10
11
12
13
14
15
16
17
18
19
20
21
22
23
24
25
26
27
28
29
30
31
32
33
34
35
36
37
38
39
40
41
42
43
44
trace number: 2303
bbl cover ratio: 0.452852109088
ideal trace ratio: 0.285827497992
average trace length(count in block): 4.8905775076
--- 783.258131981 seconds ---
gcc
1
2
3
4
5
6
7
8
9
10
11
12
13
14
15
16
17
18
19
20
21
22
23
24
25
26
27
28
29
30
31
32
33
34
35
36
37
38
39
40
41
42
43
44
trace number: 2330
bbl cover ratio: 0.451308520697
ideal trace ratio: 0.282004869952
average trace length(count in block): 4.89484978541
--- 809.338998795 seconds ---
hmmer
1
2
3
4
5
6
7
8
9
10
11
12
13
14
15
16
17
18
19
20
21
22
23
24
25
26
27
28
29
30
31
32
33
34
35
36
37
38
39
40
41
42
43
44
trace number: 2379
bbl cover ratio: 0.452516305705
ideal trace ratio: 0.280748979417
average trace length(count in block): 4.79697351828
--- 859.303259134 seconds ---
libquantum
1
2
3
4
5
6
7
8
9
10
11
12
13
14
15
16
17
18
19
20
21
22
23
24
25
26
27
28
29
30
31
32
33
34
35
36
37
38
39
40
41
42
43
44
trace number: 2322
bbl cover ratio: 0.45127897842
ideal trace ratio: 0.280957335382
average trace length(count in block): 4.88802756245
--- 803.909546852 seconds ---
mcf
1
2
3
4
5
6
7
8
9
10
11
12
13
14
15
16
17
18
19
20
21
22
23
24
25
26
27
28
29
30
31
32
33
34
35
36
37
38
39
40
41
42
43
44
trace number: 2367
bbl cover ratio: 0.45121164556
ideal trace ratio: 0.280172855108
average trace length(count in block): 4.88888888889
--- 827.858231783 seconds ---
sjeng
1
2
3
4
5
6
7
8
9
10
11
12
13
14
15
16
17
18
19
20
21
22
23
24
25
26
27
28
29
30
31
32
33
34
35
36
37
38
39
40
41
42
43
44
trace number: 2599
bbl cover ratio: 0.482503536209
ideal trace ratio: 0.0689340638549
average trace length(count in block): 22.841092728
--- 977.020375967 seconds ---
wrf
1
2
3
4
5
6
7
8
9
10
11
12
13
14
15
16
17
18
19
20
21
22
23
24
25
26
27
28
29
30
31
32
33
34
35
36
37
38
39
40
41
42
43
44
45
46
47
trace number: 2652
bbl cover ratio: 0.485288272511
ideal trace ratio: 0.0766101749149
average trace length(count in block): 22.7360482655
--- 1088.37376285 seconds ---
