astar
1
2
3
4
5
6
7
8
9
10
11
12
13
14
15
16
17
18
19
20
21
22
23
24
25
26
27
28
29
30
31
32
33
34
35
36
37
38
39
40
41
42
43
44
trace number: 2522
bbl cover ratio: 0.484029511652
ideal trace ratio: 0.0699280994355
average trace length(count in block): 23.0650277557
--- 905.871551037 seconds ---
gcc
1
2
3
4
5
6
7
8
9
10
11
12
13
14
15
16
17
18
19
20
21
22
23
24
25
26
27
28
29
30
31
32
33
34
35
36
37
38
39
40
41
42
43
44
trace number: 2552
bbl cover ratio: 0.482277047858
ideal trace ratio: 0.0688584275302
average trace length(count in block): 22.519200627
--- 1051.20805693 seconds ---
hmmer
1
2
3
4
5
6
7
8
9
10
11
12
13
14
15
16
17
18
19
20
21
22
23
24
25
26
27
28
29
30
31
32
33
34
35
36
37
38
39
40
41
42
43
44
trace number: 2598
bbl cover ratio: 0.483618284834
ideal trace ratio: 0.0682663861903
average trace length(count in block): 22.6812933025
--- 973.196755886 seconds ---
libquantum
1
2
3
4
5
6
7
8
9
10
11
12
13
14
15
16
17
18
19
20
21
22
23
24
25
26
27
28
29
30
31
32
33
34
35
36
37
38
39
40
41
42
43
44
trace number: 2532
bbl cover ratio: 0.483409071292
ideal trace ratio: 0.0669600983242
average trace length(count in block): 22.6962875197
--- 857.928966045 seconds ---
mcf
1
2
3
4
5
6
7
8
9
10
11
12
13
14
15
16
17
18
19
20
21
22
23
24
25
26
27
28
29
30
31
32
33
34
35
36
37
38
39
40
41
42
43
44
trace number: 2584
bbl cover ratio: 0.482472764253
ideal trace ratio: 0.0658703766674
average trace length(count in block): 22.6366099071
--- 872.385375023 seconds ---
sjeng
1
2
3
4
5
6
7
8
9
10
11
12
13
14
15
16
17
18
19
20
21
22
23
24
25
26
27
28
29
30
31
32
33
34
35
36
37
38
39
40
41
42
43
44
trace number: 2599
bbl cover ratio: 0.482503536209
ideal trace ratio: 0.0689340638549
average trace length(count in block): 22.841092728
--- 939.224960804 seconds ---
wrf
1
2
3
4
5
6
7
8
9
10
11
12
13
14
15
16
17
18
19
20
21
22
23
24
25
26
27
28
29
30
31
32
33
34
35
36
37
38
39
40
41
42
43
44
45
46
47
trace number: 2652
bbl cover ratio: 0.485288272511
ideal trace ratio: 0.0766101749149
average trace length(count in block): 22.7360482655
--- 859.359891891 seconds ---
